<?xml version="1.0" encoding="UTF-8"?>
<testsuite name="com.example.forum.service.PostServiceTest" tests="1" skipped="0" failures="0" errors="0" timestamp="2022-08-12T08:41:56" hostname="mac.local" time="0.097">
  <properties/>
  <testcase name="getAllPosts()" classname="com.example.forum.service.PostServiceTest" time="0.097"/>
  <system-out><![CDATA[2022-08-12 14:11:54.845  INFO 42074 --- [    Test worker] .b.t.c.SpringBootTestContextBootstrapper : Neither @ContextConfiguration nor @ContextHierarchy found for test class [com.example.forum.service.PostServiceTest], using SpringBootContextLoader
2022-08-12 14:11:54.848  INFO 42074 --- [    Test worker] o.s.t.c.support.AbstractContextLoader    : Could not detect default resource locations for test class [com.example.forum.service.PostServiceTest]: no resource found for suffixes {-context.xml, Context.groovy}.
2022-08-12 14:11:54.873  INFO 42074 --- [    Test worker] .b.t.c.SpringBootTestContextBootstrapper : Loaded default TestExecutionListener class names from location [META-INF/spring.factories]: [org.springframework.boot.test.autoconfigure.restdocs.RestDocsTestExecutionListener, org.springframework.boot.test.autoconfigure.web.client.MockRestServiceServerResetTestExecutionListener, org.springframework.boot.test.autoconfigure.web.servlet.MockMvcPrintOnlyOnFailureTestExecutionListener, org.springframework.boot.test.autoconfigure.web.servlet.WebDriverTestExecutionListener, org.springframework.boot.test.autoconfigure.webservices.client.MockWebServiceServerTestExecutionListener, org.springframework.boot.test.mock.mockito.MockitoTestExecutionListener, org.springframework.boot.test.mock.mockito.ResetMocksTestExecutionListener, org.springframework.test.context.web.ServletTestExecutionListener, org.springframework.test.context.support.DirtiesContextBeforeModesTestExecutionListener, org.springframework.test.context.event.ApplicationEventsTestExecutionListener, org.springframework.test.context.support.DependencyInjectionTestExecutionListener, org.springframework.test.context.support.DirtiesContextTestExecutionListener, org.springframework.test.context.transaction.TransactionalTestExecutionListener, org.springframework.test.context.jdbc.SqlScriptsTestExecutionListener, org.springframework.test.context.event.EventPublishingTestExecutionListener]
2022-08-12 14:11:54.874  INFO 42074 --- [    Test worker] .b.t.c.SpringBootTestContextBootstrapper : Using TestExecutionListeners: [org.springframework.test.context.web.ServletTestExecutionListener@44e08a7a, org.springframework.test.context.support.DirtiesContextBeforeModesTestExecutionListener@78bd02c8, org.springframework.test.context.event.ApplicationEventsTestExecutionListener@28dacf31, org.springframework.boot.test.mock.mockito.MockitoTestExecutionListener@47e60b71, org.springframework.boot.test.autoconfigure.SpringBootDependencyInjectionTestExecutionListener@795faad, org.springframework.test.context.support.DirtiesContextTestExecutionListener@17ae13d5, org.springframework.test.context.transaction.TransactionalTestExecutionListener@69f3e556, org.springframework.test.context.jdbc.SqlScriptsTestExecutionListener@1eb9d69a, org.springframework.test.context.event.EventPublishingTestExecutionListener@36511772, org.springframework.boot.test.autoconfigure.restdocs.RestDocsTestExecutionListener@51869ad6, org.springframework.boot.test.autoconfigure.web.client.MockRestServiceServerResetTestExecutionListener@27a90ce5, org.springframework.boot.test.autoconfigure.web.servlet.MockMvcPrintOnlyOnFailureTestExecutionListener@77f4038c, org.springframework.boot.test.autoconfigure.web.servlet.WebDriverTestExecutionListener@49a06087, org.springframework.boot.test.autoconfigure.webservices.client.MockWebServiceServerTestExecutionListener@2c15034f, org.springframework.boot.test.mock.mockito.ResetMocksTestExecutionListener@43b4ec0c]

  .   ____          _            __ _ _
 /\\ / ___'_ __ _ _(_)_ __  __ _ \ \ \ \
( ( )\___ | '_ | '_| | '_ \/ _` | \ \ \ \
 \\/  ___)| |_)| | | | | || (_| |  ) ) ) )
  '  |____| .__|_| |_|_| |_\__, | / / / /
 =========|_|==============|___/=/_/_/_/
 :: Spring Boot ::                (v2.7.1)

2022-08-12 14:11:54.989  INFO 42074 --- [    Test worker] c.example.forum.service.PostServiceTest  : Starting PostServiceTest using Java 18.0.1.1 on mac.local with PID 42074 (started by endurance21 in /Users/endurance21/project-brew)
2022-08-12 14:11:54.991  INFO 42074 --- [    Test worker] c.example.forum.service.PostServiceTest  : The following 1 profile is active: "test"
2022-08-12 14:11:55.434  INFO 42074 --- [    Test worker] .s.d.r.c.RepositoryConfigurationDelegate : Bootstrapping Spring Data MongoDB repositories in DEFAULT mode.
2022-08-12 14:11:55.491  INFO 42074 --- [    Test worker] .s.d.r.c.RepositoryConfigurationDelegate : Finished Spring Data repository scanning in 54 ms. Found 3 MongoDB repository interfaces.
2022-08-12 14:11:55.822  INFO 42074 --- [    Test worker] org.mongodb.driver.client                : MongoClient with metadata {"driver": {"name": "mongo-java-driver|sync|spring-boot", "version": "4.6.1"}, "os": {"type": "Darwin", "name": "Mac OS X", "architecture": "x86_64", "version": "12.0.1"}, "platform": "Java/Oracle Corporation/18.0.1.1+2-6"} created with settings MongoClientSettings{readPreference=primary, writeConcern=WriteConcern{w=null, wTimeout=null ms, journal=null}, retryWrites=true, retryReads=true, readConcern=ReadConcern{level=null}, credential=MongoCredential{mechanism=null, userName='user_83', source='admin', password=<hidden>, mechanismProperties=<hidden>}, streamFactoryFactory=null, commandListeners=[], codecRegistry=ProvidersCodecRegistry{codecProviders=[ValueCodecProvider{}, BsonValueCodecProvider{}, DBRefCodecProvider{}, DBObjectCodecProvider{}, DocumentCodecProvider{}, IterableCodecProvider{}, MapCodecProvider{}, GeoJsonCodecProvider{}, GridFSFileCodecProvider{}, Jsr310CodecProvider{}, JsonObjectCodecProvider{}, BsonCodecProvider{}, EnumCodecProvider{}, com.mongodb.Jep395RecordCodecProvider@55fdf7f9]}, clusterSettings={hosts=[127.0.0.1:27017], srvHost=cluster1.fnugi.mongodb.net, srvServiceName=mongodb, mode=MULTIPLE, requiredClusterType=REPLICA_SET, requiredReplicaSetName='atlas-pkghpa-shard-0', serverSelector='null', clusterListeners='[]', serverSelectionTimeout='30000 ms', localThreshold='30000 ms'}, socketSettings=SocketSettings{connectTimeoutMS=10000, readTimeoutMS=0, receiveBufferSize=0, sendBufferSize=0}, heartbeatSocketSettings=SocketSettings{connectTimeoutMS=10000, readTimeoutMS=10000, receiveBufferSize=0, sendBufferSize=0}, connectionPoolSettings=ConnectionPoolSettings{maxSize=100, minSize=0, maxWaitTimeMS=120000, maxConnectionLifeTimeMS=0, maxConnectionIdleTimeMS=0, maintenanceInitialDelayMS=0, maintenanceFrequencyMS=60000, connectionPoolListeners=[], maxConnecting=2}, serverSettings=ServerSettings{heartbeatFrequencyMS=10000, minHeartbeatFrequencyMS=500, serverListeners='[]', serverMonitorListeners='[]'}, sslSettings=SslSettings{enabled=true, invalidHostNameAllowed=false, context=null}, applicationName='null', compressorList=[], uuidRepresentation=JAVA_LEGACY, serverApi=null, autoEncryptionSettings=null, contextProvider=null}
2022-08-12 14:11:55.831  INFO 42074 --- [ugi.mongodb.net] org.mongodb.driver.cluster               : Adding discovered server cluster1-shard-00-00.fnugi.mongodb.net:27017 to client view of cluster
2022-08-12 14:11:55.832  INFO 42074 --- [ugi.mongodb.net] org.mongodb.driver.cluster               : Adding discovered server cluster1-shard-00-02.fnugi.mongodb.net:27017 to client view of cluster
2022-08-12 14:11:55.833  INFO 42074 --- [ugi.mongodb.net] org.mongodb.driver.cluster               : Adding discovered server cluster1-shard-00-01.fnugi.mongodb.net:27017 to client view of cluster
2022-08-12 14:11:56.087  INFO 42074 --- [ngodb.net:27017] org.mongodb.driver.connection            : Opened connection [connectionId{localValue:7, serverValue:118071}] to cluster1-shard-00-00.fnugi.mongodb.net:27017
2022-08-12 14:11:56.087  INFO 42074 --- [ngodb.net:27017] org.mongodb.driver.connection            : Opened connection [connectionId{localValue:10, serverValue:57960}] to cluster1-shard-00-02.fnugi.mongodb.net:27017
2022-08-12 14:11:56.087  INFO 42074 --- [ngodb.net:27017] org.mongodb.driver.connection            : Opened connection [connectionId{localValue:12, serverValue:53841}] to cluster1-shard-00-01.fnugi.mongodb.net:27017
2022-08-12 14:11:56.174  INFO 42074 --- [ngodb.net:27017] org.mongodb.driver.connection            : Opened connection [connectionId{localValue:11, serverValue:53841}] to cluster1-shard-00-01.fnugi.mongodb.net:27017
2022-08-12 14:11:56.174  INFO 42074 --- [ngodb.net:27017] org.mongodb.driver.connection            : Opened connection [connectionId{localValue:8, serverValue:118071}] to cluster1-shard-00-00.fnugi.mongodb.net:27017
2022-08-12 14:11:56.173  INFO 42074 --- [ngodb.net:27017] org.mongodb.driver.connection            : Opened connection [connectionId{localValue:9, serverValue:57721}] to cluster1-shard-00-02.fnugi.mongodb.net:27017
2022-08-12 14:11:56.184  INFO 42074 --- [ngodb.net:27017] org.mongodb.driver.cluster               : Monitor thread successfully connected to server with description ServerDescription{address=cluster1-shard-00-00.fnugi.mongodb.net:27017, type=REPLICA_SET_SECONDARY, state=CONNECTED, ok=true, minWireVersion=0, maxWireVersion=13, maxDocumentSize=16777216, logicalSessionTimeoutMinutes=30, roundTripTimeNanos=308306458, setName='atlas-pkghpa-shard-0', canonicalAddress=cluster1-shard-00-00.fnugi.mongodb.net:27017, hosts=[cluster1-shard-00-01.fnugi.mongodb.net:27017, cluster1-shard-00-02.fnugi.mongodb.net:27017, cluster1-shard-00-00.fnugi.mongodb.net:27017], passives=[], arbiters=[], primary='cluster1-shard-00-02.fnugi.mongodb.net:27017', tagSet=TagSet{[Tag{name='nodeType', value='ELECTABLE'}, Tag{name='provider', value='AWS'}, Tag{name='region', value='AP_SOUTH_1'}, Tag{name='workloadType', value='OPERATIONAL'}]}, electionId=null, setVersion=7, topologyVersion=TopologyVersion{processId=62f118ecedead3b3b4b2ac63, counter=4}, lastWriteDate=Fri Aug 12 14:11:56 IST 2022, lastUpdateTimeNanos=212358203620375}
2022-08-12 14:11:56.186  INFO 42074 --- [ngodb.net:27017] org.mongodb.driver.cluster               : Monitor thread successfully connected to server with description ServerDescription{address=cluster1-shard-00-01.fnugi.mongodb.net:27017, type=REPLICA_SET_SECONDARY, state=CONNECTED, ok=true, minWireVersion=0, maxWireVersion=13, maxDocumentSize=16777216, logicalSessionTimeoutMinutes=30, roundTripTimeNanos=315175750, setName='atlas-pkghpa-shard-0', canonicalAddress=cluster1-shard-00-01.fnugi.mongodb.net:27017, hosts=[cluster1-shard-00-01.fnugi.mongodb.net:27017, cluster1-shard-00-02.fnugi.mongodb.net:27017, cluster1-shard-00-00.fnugi.mongodb.net:27017], passives=[], arbiters=[], primary='cluster1-shard-00-02.fnugi.mongodb.net:27017', tagSet=TagSet{[Tag{name='nodeType', value='ELECTABLE'}, Tag{name='provider', value='AWS'}, Tag{name='region', value='AP_SOUTH_1'}, Tag{name='workloadType', value='OPERATIONAL'}]}, electionId=null, setVersion=7, topologyVersion=TopologyVersion{processId=62f3bcc795497ccfeabee317, counter=3}, lastWriteDate=Fri Aug 12 14:11:56 IST 2022, lastUpdateTimeNanos=212358207311291}
2022-08-12 14:11:56.195  INFO 42074 --- [ngodb.net:27017] org.mongodb.driver.cluster               : Monitor thread successfully connected to server with description ServerDescription{address=cluster1-shard-00-02.fnugi.mongodb.net:27017, type=REPLICA_SET_PRIMARY, state=CONNECTED, ok=true, minWireVersion=0, maxWireVersion=13, maxDocumentSize=16777216, logicalSessionTimeoutMinutes=30, roundTripTimeNanos=307351584, setName='atlas-pkghpa-shard-0', canonicalAddress=cluster1-shard-00-02.fnugi.mongodb.net:27017, hosts=[cluster1-shard-00-01.fnugi.mongodb.net:27017, cluster1-shard-00-02.fnugi.mongodb.net:27017, cluster1-shard-00-00.fnugi.mongodb.net:27017], passives=[], arbiters=[], primary='cluster1-shard-00-02.fnugi.mongodb.net:27017', tagSet=TagSet{[Tag{name='nodeType', value='ELECTABLE'}, Tag{name='provider', value='AWS'}, Tag{name='region', value='AP_SOUTH_1'}, Tag{name='workloadType', value='OPERATIONAL'}]}, electionId=7fffffff0000000000000124, setVersion=7, topologyVersion=TopologyVersion{processId=62f3bb4c9d1a9a897c2bbe41, counter=6}, lastWriteDate=Fri Aug 12 14:11:56 IST 2022, lastUpdateTimeNanos=212358202871125}
2022-08-12 14:11:56.208  INFO 42074 --- [ngodb.net:27017] org.mongodb.driver.cluster               : Setting max election id to 7fffffff0000000000000124 from replica set primary cluster1-shard-00-02.fnugi.mongodb.net:27017
2022-08-12 14:11:56.211  INFO 42074 --- [ngodb.net:27017] org.mongodb.driver.cluster               : Setting max set version to 7 from replica set primary cluster1-shard-00-02.fnugi.mongodb.net:27017
2022-08-12 14:11:56.211  INFO 42074 --- [ngodb.net:27017] org.mongodb.driver.cluster               : Discovered replica set primary cluster1-shard-00-02.fnugi.mongodb.net:27017
2022-08-12 14:11:56.770  INFO 42074 --- [    Test worker] c.example.forum.service.PostServiceTest  : Started PostServiceTest in 1.892 seconds (JVM running for 9.865)
]]></system-out>
  <system-err><![CDATA[]]></system-err>
</testsuite>
