<?xml version="1.0" encoding="UTF-8"?>
<testsuite name="com.example.forum.ForumApplicationTests" tests="1" skipped="0" failures="0" errors="0" timestamp="2022-08-12T08:41:54" hostname="mac.local" time="0.696">
  <properties/>
  <testcase name="contextLoads()" classname="com.example.forum.ForumApplicationTests" time="0.696"/>
  <system-out><![CDATA[14:11:48.029 [Test worker] DEBUG org.springframework.test.context.BootstrapUtils - Instantiating CacheAwareContextLoaderDelegate from class [org.springframework.test.context.cache.DefaultCacheAwareContextLoaderDelegate]
14:11:48.051 [Test worker] DEBUG org.springframework.test.context.BootstrapUtils - Instantiating BootstrapContext using constructor [public org.springframework.test.context.support.DefaultBootstrapContext(java.lang.Class,org.springframework.test.context.CacheAwareContextLoaderDelegate)]
14:11:48.120 [Test worker] DEBUG org.springframework.test.context.BootstrapUtils - Instantiating TestContextBootstrapper for test class [com.example.forum.ForumApplicationTests] from class [org.springframework.boot.test.context.SpringBootTestContextBootstrapper]
14:11:48.135 [Test worker] INFO org.springframework.boot.test.context.SpringBootTestContextBootstrapper - Neither @ContextConfiguration nor @ContextHierarchy found for test class [com.example.forum.ForumApplicationTests], using SpringBootContextLoader
14:11:48.138 [Test worker] DEBUG org.springframework.test.context.support.AbstractContextLoader - Did not detect default resource location for test class [com.example.forum.ForumApplicationTests]: class path resource [com/example/forum/ForumApplicationTests-context.xml] does not exist
14:11:48.139 [Test worker] DEBUG org.springframework.test.context.support.AbstractContextLoader - Did not detect default resource location for test class [com.example.forum.ForumApplicationTests]: class path resource [com/example/forum/ForumApplicationTestsContext.groovy] does not exist
14:11:48.139 [Test worker] INFO org.springframework.test.context.support.AbstractContextLoader - Could not detect default resource locations for test class [com.example.forum.ForumApplicationTests]: no resource found for suffixes {-context.xml, Context.groovy}.
14:11:48.140 [Test worker] INFO org.springframework.test.context.support.AnnotationConfigContextLoaderUtils - Could not detect default configuration classes for test class [com.example.forum.ForumApplicationTests]: ForumApplicationTests does not declare any static, non-private, non-final, nested classes annotated with @Configuration.
14:11:48.186 [Test worker] DEBUG org.springframework.test.context.support.ActiveProfilesUtils - Could not find an 'annotation declaring class' for annotation type [org.springframework.test.context.ActiveProfiles] and class [com.example.forum.ForumApplicationTests]
14:11:48.278 [Test worker] DEBUG org.springframework.context.annotation.ClassPathScanningCandidateComponentProvider - Identified candidate component class: file [/Users/endurance21/project-brew/build/classes/java/main/com/example/forum/ForumApplication.class]
14:11:48.281 [Test worker] INFO org.springframework.boot.test.context.SpringBootTestContextBootstrapper - Found @SpringBootConfiguration com.example.forum.ForumApplication for test class com.example.forum.ForumApplicationTests
14:11:48.374 [Test worker] DEBUG org.springframework.boot.test.context.SpringBootTestContextBootstrapper - @TestExecutionListeners is not present for class [com.example.forum.ForumApplicationTests]: using defaults.
14:11:48.375 [Test worker] INFO org.springframework.boot.test.context.SpringBootTestContextBootstrapper - Loaded default TestExecutionListener class names from location [META-INF/spring.factories]: [org.springframework.boot.test.autoconfigure.restdocs.RestDocsTestExecutionListener, org.springframework.boot.test.autoconfigure.web.client.MockRestServiceServerResetTestExecutionListener, org.springframework.boot.test.autoconfigure.web.servlet.MockMvcPrintOnlyOnFailureTestExecutionListener, org.springframework.boot.test.autoconfigure.web.servlet.WebDriverTestExecutionListener, org.springframework.boot.test.autoconfigure.webservices.client.MockWebServiceServerTestExecutionListener, org.springframework.boot.test.mock.mockito.MockitoTestExecutionListener, org.springframework.boot.test.mock.mockito.ResetMocksTestExecutionListener, org.springframework.test.context.web.ServletTestExecutionListener, org.springframework.test.context.support.DirtiesContextBeforeModesTestExecutionListener, org.springframework.test.context.event.ApplicationEventsTestExecutionListener, org.springframework.test.context.support.DependencyInjectionTestExecutionListener, org.springframework.test.context.support.DirtiesContextTestExecutionListener, org.springframework.test.context.transaction.TransactionalTestExecutionListener, org.springframework.test.context.jdbc.SqlScriptsTestExecutionListener, org.springframework.test.context.event.EventPublishingTestExecutionListener]
14:11:48.395 [Test worker] INFO org.springframework.boot.test.context.SpringBootTestContextBootstrapper - Using TestExecutionListeners: [org.springframework.test.context.web.ServletTestExecutionListener@24d4d7c9, org.springframework.test.context.support.DirtiesContextBeforeModesTestExecutionListener@f0e995e, org.springframework.test.context.event.ApplicationEventsTestExecutionListener@4c37b5b, org.springframework.boot.test.mock.mockito.MockitoTestExecutionListener@73db4768, org.springframework.boot.test.autoconfigure.SpringBootDependencyInjectionTestExecutionListener@71b3bc45, org.springframework.test.context.support.DirtiesContextTestExecutionListener@a8c1f44, org.springframework.test.context.transaction.TransactionalTestExecutionListener@150ab4ed, org.springframework.test.context.jdbc.SqlScriptsTestExecutionListener@3c435123, org.springframework.test.context.event.EventPublishingTestExecutionListener@50fe837a, org.springframework.boot.test.autoconfigure.restdocs.RestDocsTestExecutionListener@3a62c01e, org.springframework.boot.test.autoconfigure.web.client.MockRestServiceServerResetTestExecutionListener@7a8fa663, org.springframework.boot.test.autoconfigure.web.servlet.MockMvcPrintOnlyOnFailureTestExecutionListener@5ce33a58, org.springframework.boot.test.autoconfigure.web.servlet.WebDriverTestExecutionListener@78a287ed, org.springframework.boot.test.autoconfigure.webservices.client.MockWebServiceServerTestExecutionListener@546ccad7, org.springframework.boot.test.mock.mockito.ResetMocksTestExecutionListener@5357c287]
14:11:48.397 [Test worker] DEBUG org.springframework.test.context.support.AbstractDirtiesContextTestExecutionListener - Before test class: context [DefaultTestContext@30990c1b testClass = ForumApplicationTests, testInstance = [null], testMethod = [null], testException = [null], mergedContextConfiguration = [WebMergedContextConfiguration@2453f95d testClass = ForumApplicationTests, locations = '{}', classes = '{class com.example.forum.ForumApplication}', contextInitializerClasses = '[]', activeProfiles = '{}', propertySourceLocations = '{}', propertySourceProperties = '{org.springframework.boot.test.context.SpringBootTestContextBootstrapper=true}', contextCustomizers = set[org.springframework.boot.test.autoconfigure.actuate.metrics.MetricsExportContextCustomizerFactory$DisableMetricExportContextCustomizer@479460a6, org.springframework.boot.test.autoconfigure.properties.PropertyMappingContextCustomizer@0, org.springframework.boot.test.autoconfigure.web.servlet.WebDriverContextCustomizerFactory$Customizer@d41f816, org.springframework.boot.test.context.filter.ExcludeFilterContextCustomizer@3d9c13b5, org.springframework.boot.test.json.DuplicateJsonObjectContextCustomizerFactory$DuplicateJsonObjectContextCustomizer@7582ff54, org.springframework.boot.test.mock.mockito.MockitoContextCustomizer@0, org.springframework.boot.test.web.client.TestRestTemplateContextCustomizer@512baff6, org.springframework.boot.test.context.SpringBootTestArgs@1, org.springframework.boot.test.context.SpringBootTestWebEnvironment@38102d01], resourceBasePath = 'src/main/webapp', contextLoader = 'org.springframework.boot.test.context.SpringBootContextLoader', parent = [null]], attributes = map['org.springframework.test.context.web.ServletTestExecutionListener.activateListener' -> true]], class annotated with @DirtiesContext [false] with mode [null].

  .   ____          _            __ _ _
 /\\ / ___'_ __ _ _(_)_ __  __ _ \ \ \ \
( ( )\___ | '_ | '_| | '_ \/ _` | \ \ \ \
 \\/  ___)| |_)| | | | | || (_| |  ) ) ) )
  '  |____| .__|_| |_|_| |_\__, | / / / /
 =========|_|==============|___/=/_/_/_/
 :: Spring Boot ::                (v2.7.1)

2022-08-12 14:11:48.884  INFO 42074 --- [    Test worker] com.example.forum.ForumApplicationTests  : Starting ForumApplicationTests using Java 18.0.1.1 on mac.local with PID 42074 (started by endurance21 in /Users/endurance21/project-brew)
2022-08-12 14:11:48.886  INFO 42074 --- [    Test worker] com.example.forum.ForumApplicationTests  : No active profile set, falling back to 1 default profile: "default"
2022-08-12 14:11:50.110  INFO 42074 --- [    Test worker] .s.d.r.c.RepositoryConfigurationDelegate : Bootstrapping Spring Data MongoDB repositories in DEFAULT mode.
2022-08-12 14:11:50.226  INFO 42074 --- [    Test worker] .s.d.r.c.RepositoryConfigurationDelegate : Finished Spring Data repository scanning in 113 ms. Found 3 MongoDB repository interfaces.
2022-08-12 14:11:51.196  INFO 42074 --- [    Test worker] org.mongodb.driver.client                : MongoClient with metadata {"driver": {"name": "mongo-java-driver|sync|spring-boot", "version": "4.6.1"}, "os": {"type": "Darwin", "name": "Mac OS X", "architecture": "x86_64", "version": "12.0.1"}, "platform": "Java/Oracle Corporation/18.0.1.1+2-6"} created with settings MongoClientSettings{readPreference=primary, writeConcern=WriteConcern{w=null, wTimeout=null ms, journal=null}, retryWrites=true, retryReads=true, readConcern=ReadConcern{level=null}, credential=MongoCredential{mechanism=null, userName='user_83', source='admin', password=<hidden>, mechanismProperties=<hidden>}, streamFactoryFactory=null, commandListeners=[], codecRegistry=ProvidersCodecRegistry{codecProviders=[ValueCodecProvider{}, BsonValueCodecProvider{}, DBRefCodecProvider{}, DBObjectCodecProvider{}, DocumentCodecProvider{}, IterableCodecProvider{}, MapCodecProvider{}, GeoJsonCodecProvider{}, GridFSFileCodecProvider{}, Jsr310CodecProvider{}, JsonObjectCodecProvider{}, BsonCodecProvider{}, EnumCodecProvider{}, com.mongodb.Jep395RecordCodecProvider@55fdf7f9]}, clusterSettings={hosts=[127.0.0.1:27017], srvHost=cluster1.fnugi.mongodb.net, srvServiceName=mongodb, mode=MULTIPLE, requiredClusterType=REPLICA_SET, requiredReplicaSetName='atlas-pkghpa-shard-0', serverSelector='null', clusterListeners='[]', serverSelectionTimeout='30000 ms', localThreshold='30000 ms'}, socketSettings=SocketSettings{connectTimeoutMS=10000, readTimeoutMS=0, receiveBufferSize=0, sendBufferSize=0}, heartbeatSocketSettings=SocketSettings{connectTimeoutMS=10000, readTimeoutMS=10000, receiveBufferSize=0, sendBufferSize=0}, connectionPoolSettings=ConnectionPoolSettings{maxSize=100, minSize=0, maxWaitTimeMS=120000, maxConnectionLifeTimeMS=0, maxConnectionIdleTimeMS=0, maintenanceInitialDelayMS=0, maintenanceFrequencyMS=60000, connectionPoolListeners=[], maxConnecting=2}, serverSettings=ServerSettings{heartbeatFrequencyMS=10000, minHeartbeatFrequencyMS=500, serverListeners='[]', serverMonitorListeners='[]'}, sslSettings=SslSettings{enabled=true, invalidHostNameAllowed=false, context=null}, applicationName='null', compressorList=[], uuidRepresentation=JAVA_LEGACY, serverApi=null, autoEncryptionSettings=null, contextProvider=null}
2022-08-12 14:11:51.233  INFO 42074 --- [ugi.mongodb.net] org.mongodb.driver.cluster               : Adding discovered server cluster1-shard-00-00.fnugi.mongodb.net:27017 to client view of cluster
2022-08-12 14:11:51.251  INFO 42074 --- [ugi.mongodb.net] org.mongodb.driver.cluster               : Adding discovered server cluster1-shard-00-02.fnugi.mongodb.net:27017 to client view of cluster
2022-08-12 14:11:51.254  INFO 42074 --- [ugi.mongodb.net] org.mongodb.driver.cluster               : Adding discovered server cluster1-shard-00-01.fnugi.mongodb.net:27017 to client view of cluster
2022-08-12 14:11:52.403  INFO 42074 --- [ngodb.net:27017] org.mongodb.driver.connection            : Opened connection [connectionId{localValue:4, serverValue:57926}] to cluster1-shard-00-02.fnugi.mongodb.net:27017
2022-08-12 14:11:52.403  INFO 42074 --- [ngodb.net:27017] org.mongodb.driver.connection            : Opened connection [connectionId{localValue:5, serverValue:53833}] to cluster1-shard-00-01.fnugi.mongodb.net:27017
2022-08-12 14:11:52.403  INFO 42074 --- [ngodb.net:27017] org.mongodb.driver.connection            : Opened connection [connectionId{localValue:1, serverValue:53833}] to cluster1-shard-00-01.fnugi.mongodb.net:27017
2022-08-12 14:11:52.403  INFO 42074 --- [ngodb.net:27017] org.mongodb.driver.connection            : Opened connection [connectionId{localValue:6, serverValue:57968}] to cluster1-shard-00-02.fnugi.mongodb.net:27017
2022-08-12 14:11:52.403  INFO 42074 --- [ngodb.net:27017] org.mongodb.driver.connection            : Opened connection [connectionId{localValue:3, serverValue:118068}] to cluster1-shard-00-00.fnugi.mongodb.net:27017
2022-08-12 14:11:52.404  INFO 42074 --- [ngodb.net:27017] org.mongodb.driver.connection            : Opened connection [connectionId{localValue:2, serverValue:118060}] to cluster1-shard-00-00.fnugi.mongodb.net:27017
2022-08-12 14:11:52.423  INFO 42074 --- [ngodb.net:27017] org.mongodb.driver.cluster               : Monitor thread successfully connected to server with description ServerDescription{address=cluster1-shard-00-01.fnugi.mongodb.net:27017, type=REPLICA_SET_SECONDARY, state=CONNECTED, ok=true, minWireVersion=0, maxWireVersion=13, maxDocumentSize=16777216, logicalSessionTimeoutMinutes=30, roundTripTimeNanos=621885459, setName='atlas-pkghpa-shard-0', canonicalAddress=cluster1-shard-00-01.fnugi.mongodb.net:27017, hosts=[cluster1-shard-00-01.fnugi.mongodb.net:27017, cluster1-shard-00-02.fnugi.mongodb.net:27017, cluster1-shard-00-00.fnugi.mongodb.net:27017], passives=[], arbiters=[], primary='cluster1-shard-00-02.fnugi.mongodb.net:27017', tagSet=TagSet{[Tag{name='nodeType', value='ELECTABLE'}, Tag{name='provider', value='AWS'}, Tag{name='region', value='AP_SOUTH_1'}, Tag{name='workloadType', value='OPERATIONAL'}]}, electionId=null, setVersion=7, topologyVersion=TopologyVersion{processId=62f3bcc795497ccfeabee317, counter=3}, lastWriteDate=Fri Aug 12 14:11:52 IST 2022, lastUpdateTimeNanos=212354432770458}
2022-08-12 14:11:52.423  INFO 42074 --- [ngodb.net:27017] org.mongodb.driver.cluster               : Monitor thread successfully connected to server with description ServerDescription{address=cluster1-shard-00-02.fnugi.mongodb.net:27017, type=REPLICA_SET_PRIMARY, state=CONNECTED, ok=true, minWireVersion=0, maxWireVersion=13, maxDocumentSize=16777216, logicalSessionTimeoutMinutes=30, roundTripTimeNanos=621256959, setName='atlas-pkghpa-shard-0', canonicalAddress=cluster1-shard-00-02.fnugi.mongodb.net:27017, hosts=[cluster1-shard-00-01.fnugi.mongodb.net:27017, cluster1-shard-00-02.fnugi.mongodb.net:27017, cluster1-shard-00-00.fnugi.mongodb.net:27017], passives=[], arbiters=[], primary='cluster1-shard-00-02.fnugi.mongodb.net:27017', tagSet=TagSet{[Tag{name='nodeType', value='ELECTABLE'}, Tag{name='provider', value='AWS'}, Tag{name='region', value='AP_SOUTH_1'}, Tag{name='workloadType', value='OPERATIONAL'}]}, electionId=7fffffff0000000000000124, setVersion=7, topologyVersion=TopologyVersion{processId=62f3bb4c9d1a9a897c2bbe41, counter=6}, lastWriteDate=Fri Aug 12 14:11:52 IST 2022, lastUpdateTimeNanos=212354432169833}
2022-08-12 14:11:52.424  INFO 42074 --- [ngodb.net:27017] org.mongodb.driver.cluster               : Monitor thread successfully connected to server with description ServerDescription{address=cluster1-shard-00-00.fnugi.mongodb.net:27017, type=REPLICA_SET_SECONDARY, state=CONNECTED, ok=true, minWireVersion=0, maxWireVersion=13, maxDocumentSize=16777216, logicalSessionTimeoutMinutes=30, roundTripTimeNanos=625671375, setName='atlas-pkghpa-shard-0', canonicalAddress=cluster1-shard-00-00.fnugi.mongodb.net:27017, hosts=[cluster1-shard-00-01.fnugi.mongodb.net:27017, cluster1-shard-00-02.fnugi.mongodb.net:27017, cluster1-shard-00-00.fnugi.mongodb.net:27017], passives=[], arbiters=[], primary='cluster1-shard-00-02.fnugi.mongodb.net:27017', tagSet=TagSet{[Tag{name='nodeType', value='ELECTABLE'}, Tag{name='provider', value='AWS'}, Tag{name='region', value='AP_SOUTH_1'}, Tag{name='workloadType', value='OPERATIONAL'}]}, electionId=null, setVersion=7, topologyVersion=TopologyVersion{processId=62f118ecedead3b3b4b2ac63, counter=4}, lastWriteDate=Fri Aug 12 14:11:52 IST 2022, lastUpdateTimeNanos=212354432681750}
2022-08-12 14:11:52.434  INFO 42074 --- [ngodb.net:27017] org.mongodb.driver.cluster               : Setting max election id to 7fffffff0000000000000124 from replica set primary cluster1-shard-00-02.fnugi.mongodb.net:27017
2022-08-12 14:11:52.438  INFO 42074 --- [ngodb.net:27017] org.mongodb.driver.cluster               : Setting max set version to 7 from replica set primary cluster1-shard-00-02.fnugi.mongodb.net:27017
2022-08-12 14:11:52.439  INFO 42074 --- [ngodb.net:27017] org.mongodb.driver.cluster               : Discovered replica set primary cluster1-shard-00-02.fnugi.mongodb.net:27017
2022-08-12 14:11:54.083  INFO 42074 --- [    Test worker] com.example.forum.ForumApplicationTests  : Started ForumApplicationTests in 5.608 seconds (JVM running for 7.179)
]]></system-out>
  <system-err><![CDATA[]]></system-err>
</testsuite>
